<?xml version="1.0" encoding="utf-8" standalone="no"?>
<!--This file represents the results of running a test suite-->
<test-results name="C:\projects\nunit.specifications\src\NUnit.Specifications.Specs\bin\Release\NUnit.Specifications.Specs.dll" total="5" errors="0" failures="0" not-run="0" inconclusive="0" ignored="0" skipped="0" invalid="0" date="2015-03-07" time="11:43:19">
  <environment nunit-version="2.6.4.14350" clr-version="2.0.50727.5485" os-version="Microsoft Windows NT 6.1.7601 Service Pack 1" platform="Win32NT" cwd="C:\projects\nunit.specifications" machine-name="DORAKINON" user="dgreer" user-domain="Dorakinon" />
  <culture-info current-culture="en-US" current-uiculture="en-US" />
  <test-suite type="Assembly" name="C:\projects\nunit.specifications\src\NUnit.Specifications.Specs\bin\Release\NUnit.Specifications.Specs.dll" executed="True" result="Success" success="True" time="0.109" asserts="0">
    <results>
      <test-suite type="Namespace" name="NUnit" executed="True" result="Success" success="True" time="0.094" asserts="0">
        <results>
          <test-suite type="Namespace" name="Specifications" executed="True" result="Success" success="True" time="0.094" asserts="0">
            <results>
              <test-suite type="Namespace" name="Specs" executed="True" result="Success" success="True" time="0.093" asserts="0">
                <results>
                  <test-suite type="TestFixture" name="CatchSpecs+when_catching_an_exception" executed="True" result="Success" success="True" time="0.073" asserts="0">
                    <categories>
                      <category name="component" />
                    </categories>
                    <results>
                      <test-suite type="ParameterizedTest" name="Observation" executed="True" result="Success" success="True" time="0.058" asserts="0">
                        <results>
                          <test-case name="NUnit.Specifications.Specs.CatchSpecs+when_catching_an_exception.should_catch_the_exception" executed="True" result="Success" success="True" time="0.052" asserts="0">
                            <categories>
                              <category name="component" />
                            </categories>
                          </test-case>
                        </results>
                      </test-suite>
                    </results>
                  </test-suite>
                  <test-suite type="TestFixture" name="ContextSpecificationSpecs+when_executing_a_specification" executed="True" result="Success" success="True" time="0.012" asserts="0">
                    <categories>
                      <category name="subcutaneous" />
                    </categories>
                    <results>
                      <test-suite type="ParameterizedTest" name="Observation" executed="True" result="Success" success="True" time="0.011" asserts="0">
                        <results>
                          <test-case name="NUnit.Specifications.Specs.ContextSpecificationSpecs+when_executing_a_specification.should_execute_the_establish_delegate_successfully" executed="True" result="Success" success="True" time="0.004" asserts="0">
                            <categories>
                              <category name="subcutaneous" />
                            </categories>
                          </test-case>
                          <test-case name="NUnit.Specifications.Specs.ContextSpecificationSpecs+when_executing_a_specification.should_execute_the_because_delegate_successfully" executed="True" result="Success" success="True" time="0.001" asserts="0">
                            <categories>
                              <category name="subcutaneous" />
                            </categories>
                          </test-case>
                          <test-case name="NUnit.Specifications.Specs.ContextSpecificationSpecs+when_executing_a_specification.should_execute_the_it_delegate_successfully" executed="True" result="Success" success="True" time="0.005" asserts="0">
                            <categories>
                              <category name="subcutaneous" />
                            </categories>
                          </test-case>
                        </results>
                      </test-suite>
                    </results>
                  </test-suite>
                  <test-suite type="TestFixture" name="TDDNetSpecs+when_running_with_tddnet" executed="True" result="Success" success="True" time="0.001" asserts="0">
                    <categories>
                      <category name="component" />
                    </categories>
                    <results>
                      <test-suite type="ParameterizedTest" name="Observation" executed="True" result="Success" success="True" time="0.001" asserts="0">
                        <results>
                          <test-case name="NUnit.Specifications.Specs.TDDNetSpecs+when_running_with_tddnet.should_run_successfully" executed="True" result="Success" success="True" time="0.000" asserts="0">
                            <categories>
                              <category name="component" />
                            </categories>
                          </test-case>
                        </results>
                      </test-suite>
                    </results>
                  </test-suite>
                </results>
              </test-suite>
            </results>
          </test-suite>
        </results>
      </test-suite>
    </results>
  </test-suite>
</test-results>